0 info it worked if it ends with ok
1 verbose cli [ '/home/maria/.nvm/versions/node/v6.17.1/bin/node',
1 verbose cli   '/home/maria/.nvm/versions/node/v6.17.1/bin/npm',
1 verbose cli   'run',
1 verbose cli   'dev' ]
2 info using npm@3.10.10
3 info using node@v6.17.1
4 verbose run-script [ 'predev', 'dev', 'postdev' ]
5 info lifecycle hello-msc@0.0.1~predev: hello-msc@0.0.1
6 silly lifecycle hello-msc@0.0.1~predev: no script for predev, continuing
7 info lifecycle hello-msc@0.0.1~dev: hello-msc@0.0.1
8 verbose lifecycle hello-msc@0.0.1~dev: unsafe-perm in lifecycle true
9 verbose lifecycle hello-msc@0.0.1~dev: PATH: /home/maria/.nvm/versions/node/v6.17.1/lib/node_modules/npm/bin/node-gyp-bin:/home/maria/trybe/trybe-exercises/modulo_3-Desenvolvimento_Back-End/bloco-23-Node.js:-Camada-de-Serviço-e-Arquitetura-Rest-e-Restful/dia-2-arquitetura-de-software-camada-de-controller-e-service/conteudo/hello-msc/node_modules/.bin:/home/maria/.nvm/versions/node/v6.17.1/bin:/usr/local/sbin:/usr/local/bin:/usr/sbin:/usr/bin:/sbin:/bin:/usr/games:/usr/local/games:/snap/bin
10 verbose lifecycle hello-msc@0.0.1~dev: CWD: /home/maria/trybe/trybe-exercises/modulo_3-Desenvolvimento_Back-End/bloco-23-Node.js:-Camada-de-Serviço-e-Arquitetura-Rest-e-Restful/dia-2-arquitetura-de-software-camada-de-controller-e-service/conteudo/hello-msc
11 silly lifecycle hello-msc@0.0.1~dev: Args: [ '-c', 'nodemon index.js' ]
12 info lifecycle hello-msc@0.0.1~dev: Failed to exec dev script
13 verbose stack Error: hello-msc@0.0.1 dev: `nodemon index.js`
13 verbose stack spawn ENOENT
13 verbose stack     at ChildProcess.<anonymous> (/home/maria/.nvm/versions/node/v6.17.1/lib/node_modules/npm/lib/utils/spawn.js:33:16)
13 verbose stack     at emitTwo (events.js:106:13)
13 verbose stack     at ChildProcess.emit (events.js:191:7)
13 verbose stack     at maybeClose (internal/child_process.js:920:16)
13 verbose stack     at Process.ChildProcess._handle.onexit (internal/child_process.js:230:5)
14 verbose pkgid hello-msc@0.0.1
15 verbose cwd /home/maria/trybe/trybe-exercises/modulo_3-Desenvolvimento_Back-End/bloco-23-Node.js:-Camada-de-Serviço-e-Arquitetura-Rest-e-Restful/dia-2-arquitetura-de-software-camada-de-controller-e-service/conteudo/hello-msc
16 error Linux 5.13.0-37-generic
17 error argv "/home/maria/.nvm/versions/node/v6.17.1/bin/node" "/home/maria/.nvm/versions/node/v6.17.1/bin/npm" "run" "dev"
18 error node v6.17.1
19 error npm  v3.10.10
20 error file sh
21 error code ELIFECYCLE
22 error errno ENOENT
23 error syscall spawn
24 error hello-msc@0.0.1 dev: `nodemon index.js`
24 error spawn ENOENT
25 error Failed at the hello-msc@0.0.1 dev script 'nodemon index.js'.
25 error Make sure you have the latest version of node.js and npm installed.
25 error If you do, this is most likely a problem with the hello-msc package,
25 error not with npm itself.
25 error Tell the author that this fails on your system:
25 error     nodemon index.js
25 error You can get information on how to open an issue for this project with:
25 error     npm bugs hello-msc
25 error Or if that isn't available, you can get their info via:
25 error     npm owner ls hello-msc
25 error There is likely additional logging output above.
26 verbose exit [ 1, true ]
