0 info it worked if it ends with ok
1 verbose cli [ '/home/maria/.nvm/versions/node/v6.17.1/bin/node',
1 verbose cli   '/home/maria/.nvm/versions/node/v6.17.1/bin/npm',
1 verbose cli   'start' ]
2 info using npm@3.10.10
3 info using node@v6.17.1
4 verbose run-script [ 'prestart', 'start', 'poststart' ]
5 info lifecycle express-typescript@1.0.0~prestart: express-typescript@1.0.0
6 silly lifecycle express-typescript@1.0.0~prestart: no script for prestart, continuing
7 info lifecycle express-typescript@1.0.0~start: express-typescript@1.0.0
8 verbose lifecycle express-typescript@1.0.0~start: unsafe-perm in lifecycle true
9 verbose lifecycle express-typescript@1.0.0~start: PATH: /home/maria/.nvm/versions/node/v6.17.1/lib/node_modules/npm/bin/node-gyp-bin:/home/maria/trybe/trybe-exercises/modulo_3-Desenvolvimento_Back-End/bloco-26-TypeScript/dia-3-express-com-typescript/express-typescript/node_modules/.bin:/home/maria/.nvm/versions/node/v6.17.1/bin:/usr/local/sbin:/usr/local/bin:/usr/sbin:/usr/bin:/sbin:/bin:/usr/games:/usr/local/games:/snap/bin
10 verbose lifecycle express-typescript@1.0.0~start: CWD: /home/maria/trybe/trybe-exercises/modulo_3-Desenvolvimento_Back-End/bloco-26-TypeScript/dia-3-express-com-typescript/express-typescript
11 silly lifecycle express-typescript@1.0.0~start: Args: [ '-c', 'npm run build && node ./dist/index.js' ]
12 silly lifecycle express-typescript@1.0.0~start: Returned: code: 1  signal: null
13 info lifecycle express-typescript@1.0.0~start: Failed to exec start script
14 verbose stack Error: express-typescript@1.0.0 start: `npm run build && node ./dist/index.js`
14 verbose stack Exit status 1
14 verbose stack     at EventEmitter.<anonymous> (/home/maria/.nvm/versions/node/v6.17.1/lib/node_modules/npm/lib/utils/lifecycle.js:255:16)
14 verbose stack     at emitTwo (events.js:106:13)
14 verbose stack     at EventEmitter.emit (events.js:191:7)
14 verbose stack     at ChildProcess.<anonymous> (/home/maria/.nvm/versions/node/v6.17.1/lib/node_modules/npm/lib/utils/spawn.js:40:14)
14 verbose stack     at emitTwo (events.js:106:13)
14 verbose stack     at ChildProcess.emit (events.js:191:7)
14 verbose stack     at maybeClose (internal/child_process.js:920:16)
14 verbose stack     at Process.ChildProcess._handle.onexit (internal/child_process.js:230:5)
15 verbose pkgid express-typescript@1.0.0
16 verbose cwd /home/maria/trybe/trybe-exercises/modulo_3-Desenvolvimento_Back-End/bloco-26-TypeScript/dia-3-express-com-typescript/express-typescript
17 error Linux 5.13.0-44-generic
18 error argv "/home/maria/.nvm/versions/node/v6.17.1/bin/node" "/home/maria/.nvm/versions/node/v6.17.1/bin/npm" "start"
19 error node v6.17.1
20 error npm  v3.10.10
21 error code ELIFECYCLE
22 error express-typescript@1.0.0 start: `npm run build && node ./dist/index.js`
22 error Exit status 1
23 error Failed at the express-typescript@1.0.0 start script 'npm run build && node ./dist/index.js'.
23 error Make sure you have the latest version of node.js and npm installed.
23 error If you do, this is most likely a problem with the express-typescript package,
23 error not with npm itself.
23 error Tell the author that this fails on your system:
23 error     npm run build && node ./dist/index.js
23 error You can get information on how to open an issue for this project with:
23 error     npm bugs express-typescript
23 error Or if that isn't available, you can get their info via:
23 error     npm owner ls express-typescript
23 error There is likely additional logging output above.
24 verbose exit [ 1, true ]
